D:\Source\Workspaces\iRunner\SourceCode\GCM Framework\GCM Framework\PS3_Debug\AIController.o
D:\Source\Workspaces\iRunner\SourceCode\GCM Framework\GCM Framework\PS3_Debug\Camera.o
D:\Source\Workspaces\iRunner\SourceCode\GCM Framework\GCM Framework\PS3_Debug\CollisionHelper.o
D:\Source\Workspaces\iRunner\SourceCode\GCM Framework\GCM Framework\PS3_Debug\EntityFreeList.o
D:\Source\Workspaces\iRunner\SourceCode\GCM Framework\GCM Framework\PS3_Debug\Game.o
D:\Source\Workspaces\iRunner\SourceCode\GCM Framework\GCM Framework\PS3_Debug\GameClass.o
D:\Source\Workspaces\iRunner\SourceCode\GCM Framework\GCM Framework\PS3_Debug\GameEntity.o
D:\Source\Workspaces\iRunner\SourceCode\GCM Framework\GCM Framework\PS3_Debug\GCMRenderer.o
D:\Source\Workspaces\iRunner\SourceCode\GCM Framework\GCM Framework\PS3_Debug\Input.o
D:\Source\Workspaces\iRunner\SourceCode\GCM Framework\GCM Framework\PS3_Debug\main.o
D:\Source\Workspaces\iRunner\SourceCode\GCM Framework\GCM Framework\PS3_Debug\Mesh.o
D:\Source\Workspaces\iRunner\SourceCode\GCM Framework\GCM Framework\PS3_Debug\PhysicsNode.o
D:\Source\Workspaces\iRunner\SourceCode\GCM Framework\GCM Framework\PS3_Debug\PhysicsSystem.o
D:\Source\Workspaces\iRunner\SourceCode\GCM Framework\GCM Framework\PS3_Debug\PlayerClass.o
D:\Source\Workspaces\iRunner\SourceCode\GCM Framework\GCM Framework\PS3_Debug\Quaternion.o
D:\Source\Workspaces\iRunner\SourceCode\GCM Framework\GCM Framework\PS3_Debug\Renderer.o
D:\Source\Workspaces\iRunner\SourceCode\GCM Framework\GCM Framework\PS3_Debug\SceneNode.o
D:\Source\Workspaces\iRunner\SourceCode\GCM Framework\GCM Framework\PS3_Debug\Shader.o
D:\Source\Workspaces\iRunner\SourceCode\GCM Framework\GCM Framework\PS3_Debug\Spawner.o
D:\Source\Workspaces\iRunner\SourceCode\GCM Framework\GCM Framework\PS3_Debug\stdafx.o
D:\Source\Workspaces\iRunner\SourceCode\GCM Framework\GCM Framework\PS3_Debug\TextMesh.o
D:\Source\Workspaces\iRunner\SourceCode\GCM Framework\GCM Framework\PS3_Debug\Timer.o
D:\Source\Workspaces\iRunner\SourceCode\GCM Framework\GCM Framework\PS3_Debug\GCM Framework.pch
D:\Source\Workspaces\iRunner\SourceCode\GCM Framework\PS3_Debug\GCM Framework.self
