D:\SOURCE\WORKSPACES\IRUNNER\SOURCECODE\GCM FRAMEWORK\GCM FRAMEWORK\PS3_RELEASE\STDAFX.O
D:\SOURCE\WORKSPACES\IRUNNER\SOURCECODE\GCM FRAMEWORK\GCM FRAMEWORK\PS3_RELEASE\GCM FRAMEWORK.PCH
D:\SOURCE\WORKSPACES\IRUNNER\SOURCECODE\GCM FRAMEWORK\GCM FRAMEWORK\PS3_RELEASE\AICONTROLLER.O
D:\SOURCE\WORKSPACES\IRUNNER\SOURCECODE\GCM FRAMEWORK\GCM FRAMEWORK\PS3_RELEASE\CAMERA.O
D:\SOURCE\WORKSPACES\IRUNNER\SOURCECODE\GCM FRAMEWORK\GCM FRAMEWORK\PS3_RELEASE\COLLISIONHELPER.O
D:\SOURCE\WORKSPACES\IRUNNER\SOURCECODE\GCM FRAMEWORK\GCM FRAMEWORK\PS3_RELEASE\ENTITYFREELIST.O
D:\SOURCE\WORKSPACES\IRUNNER\SOURCECODE\GCM FRAMEWORK\GCM FRAMEWORK\PS3_RELEASE\GAME.O
D:\SOURCE\WORKSPACES\IRUNNER\SOURCECODE\GCM FRAMEWORK\GCM FRAMEWORK\PS3_RELEASE\GAMECLASS.O
D:\SOURCE\WORKSPACES\IRUNNER\SOURCECODE\GCM FRAMEWORK\GCM FRAMEWORK\PS3_RELEASE\GAMEENTITY.O
D:\SOURCE\WORKSPACES\IRUNNER\SOURCECODE\GCM FRAMEWORK\GCM FRAMEWORK\PS3_RELEASE\GCMRENDERER.O
D:\SOURCE\WORKSPACES\IRUNNER\SOURCECODE\GCM FRAMEWORK\GCM FRAMEWORK\PS3_RELEASE\INPUT.O
D:\SOURCE\WORKSPACES\IRUNNER\SOURCECODE\GCM FRAMEWORK\GCM FRAMEWORK\PS3_RELEASE\MAIN.O
D:\SOURCE\WORKSPACES\IRUNNER\SOURCECODE\GCM FRAMEWORK\GCM FRAMEWORK\PS3_RELEASE\MESH.O
D:\SOURCE\WORKSPACES\IRUNNER\SOURCECODE\GCM FRAMEWORK\GCM FRAMEWORK\PS3_RELEASE\PHYSICSNODE.O
D:\SOURCE\WORKSPACES\IRUNNER\SOURCECODE\GCM FRAMEWORK\GCM FRAMEWORK\PS3_RELEASE\PHYSICSSYSTEM.O
D:\SOURCE\WORKSPACES\IRUNNER\SOURCECODE\GCM FRAMEWORK\GCM FRAMEWORK\PS3_RELEASE\PLAYERCLASS.O
D:\SOURCE\WORKSPACES\IRUNNER\SOURCECODE\GCM FRAMEWORK\GCM FRAMEWORK\PS3_RELEASE\QUATERNION.O
D:\SOURCE\WORKSPACES\IRUNNER\SOURCECODE\GCM FRAMEWORK\GCM FRAMEWORK\PS3_RELEASE\RENDERER.O
D:\SOURCE\WORKSPACES\IRUNNER\SOURCECODE\GCM FRAMEWORK\GCM FRAMEWORK\PS3_RELEASE\SCENENODE.O
D:\SOURCE\WORKSPACES\IRUNNER\SOURCECODE\GCM FRAMEWORK\GCM FRAMEWORK\PS3_RELEASE\SHADER.O
D:\SOURCE\WORKSPACES\IRUNNER\SOURCECODE\GCM FRAMEWORK\GCM FRAMEWORK\PS3_RELEASE\SPAWNER.O
D:\SOURCE\WORKSPACES\IRUNNER\SOURCECODE\GCM FRAMEWORK\GCM FRAMEWORK\PS3_RELEASE\TEXTMESH.O
D:\SOURCE\WORKSPACES\IRUNNER\SOURCECODE\GCM FRAMEWORK\GCM FRAMEWORK\PS3_RELEASE\TIMER.O
D:\Source\Workspaces\iRunner\SourceCode\GCM Framework\GCM Framework\PS3_Release\AIController.o
D:\Source\Workspaces\iRunner\SourceCode\GCM Framework\GCM Framework\PS3_Release\Camera.o
D:\Source\Workspaces\iRunner\SourceCode\GCM Framework\GCM Framework\PS3_Release\CollisionHelper.o
D:\Source\Workspaces\iRunner\SourceCode\GCM Framework\GCM Framework\PS3_Release\EntityFreeList.o
D:\Source\Workspaces\iRunner\SourceCode\GCM Framework\GCM Framework\PS3_Release\Game.o
D:\Source\Workspaces\iRunner\SourceCode\GCM Framework\GCM Framework\PS3_Release\GameClass.o
D:\Source\Workspaces\iRunner\SourceCode\GCM Framework\GCM Framework\PS3_Release\GameEntity.o
D:\Source\Workspaces\iRunner\SourceCode\GCM Framework\GCM Framework\PS3_Release\GCMRenderer.o
D:\Source\Workspaces\iRunner\SourceCode\GCM Framework\GCM Framework\PS3_Release\Input.o
D:\Source\Workspaces\iRunner\SourceCode\GCM Framework\GCM Framework\PS3_Release\main.o
D:\Source\Workspaces\iRunner\SourceCode\GCM Framework\GCM Framework\PS3_Release\Mesh.o
D:\Source\Workspaces\iRunner\SourceCode\GCM Framework\GCM Framework\PS3_Release\PhysicsNode.o
D:\Source\Workspaces\iRunner\SourceCode\GCM Framework\GCM Framework\PS3_Release\PhysicsSystem.o
D:\Source\Workspaces\iRunner\SourceCode\GCM Framework\GCM Framework\PS3_Release\stdafx.o
D:\Source\Workspaces\iRunner\SourceCode\GCM Framework\GCM Framework\PS3_Release\GCM Framework.pch
D:\Source\Workspaces\iRunner\SourceCode\GCM Framework\GCM Framework\PS3_Release\ps3ppusnc.command.1.tlog
D:\Source\Workspaces\iRunner\SourceCode\GCM Framework\GCM Framework\PS3_Release\ps3ppusnc.read.1.tlog
D:\Source\Workspaces\iRunner\SourceCode\GCM Framework\GCM Framework\PS3_Release\ps3ppusnc.write.1.tlog
